<?xml version="1.0" encoding="UTF-8"?>
<!-- Generated by org.testng.reporters.JUnitReportReporter -->
<testsuite hostname="user5" failures="0" tests="7" name="testScripts.ConduitLoginTest" time="3.445" errors="0" timestamp="2024-11-19T09:28:44 IST" skipped="0">
  <testcase classname="testScripts.ConduitLoginTest" name="loginConduitTest" time="0.634"/>
  <system-out/>
  <testcase classname="testScripts.ConduitLoginTest" name="newArticleTest" time="0.525"/>
  <system-out/>
  <testcase classname="testScripts.ConduitLoginTest" name="ArticleConduitPageTest" time="0.729"/>
  <system-out/>
  <testcase classname="testScripts.ConduitLoginTest" name="clickPublishButtonTest" time="0.084"/>
  <system-out/>
  <testcase classname="testScripts.ConduitLoginTest" name="userArticleTest" time="0.887"/>
  <system-out/>
  <testcase classname="testScripts.ConduitLoginTest" name="updateArticleConduitPageTest" time="0.492"/>
  <system-out/>
  <testcase classname="testScripts.ConduitLoginTest" name="clickUpdateArticleTest" time="0.094"/>
  <system-out/>
</testsuite> <!-- testScripts.ConduitLoginTest -->
